Using pre-set license
Built from '2020.3/release' branch; Version is '2020.3.2f1 (8fd9074bf66c) revision 9427207'; Using compiler version '192528614'; Build Type 'Release'
OS: 'Windows 10 Pro; OS build 19042.867; Version 2009; 64bit' Language: 'fr' Physical Memory: 16294 MB
BatchMode: 1, IsHumanControllingUs: 0, StartBugReporterOnCrash: 0, Is64bit: 1, IsPro: 0

 COMMAND LINE ARGUMENTS:
E:\Programs\Tools\UnityInstall\2020.3.2f1\Editor\Unity.exe
-adb2
-batchMode
-noUpm
-name
AssetImportWorker0
-projectPath
E:/Documents/Dev/Git/E428/Projet/E428
-logFile
Logs/AssetImportWorker0.log
-srvPort
64737
Successfully changed project path to: E:/Documents/Dev/Git/E428/Projet/E428
E:/Documents/Dev/Git/E428/Projet/E428
Using Asset Import Pipeline V2.
Refreshing native plugins compatible for Editor in 48.81 ms, found 1 plugins.
Preloading 0 native plugins for Editor in 0.00 ms.
Initialize engine version: 2020.3.2f1 (8fd9074bf66c)
[Subsystems] Discovering subsystems at path E:/Programs/Tools/UnityInstall/2020.3.2f1/Editor/Data/Resources/UnitySubsystems
[Subsystems] Discovering subsystems at path E:/Documents/Dev/Git/E428/Projet/E428/Assets
GfxDevice: creating device client; threaded=0
Direct3D:
    Version:  Direct3D 11.0 [level 11.1]
    Renderer: NVIDIA GeForce GTX 1050 (ID=0x1c81)
    Vendor:   
    VRAM:     1977 MB
    Driver:   27.21.14.6172
Shader 'Universal Render Pipeline/Particles/Lit': fallback shader 'Universal Render Pipeline/Particles/SimpleLit' not found
Initialize mono
Mono path[0] = 'E:/Programs/Tools/UnityInstall/2020.3.2f1/Editor/Data/Managed'
Mono path[1] = 'E:/Programs/Tools/UnityInstall/2020.3.2f1/Editor/Data/MonoBleedingEdge/lib/mono/unityjit'
Mono config path = 'E:/Programs/Tools/UnityInstall/2020.3.2f1/Editor/Data/MonoBleedingEdge/etc'
Using monoOptions --debugger-agent=transport=dt_socket,embedding=1,server=y,suspend=n,address=127.0.0.1:56388
Begin MonoManager ReloadAssembly
Registering precompiled unity dll's ...
Register platform support module: E:/Programs/Tools/UnityInstall/2020.3.2f1/Editor/Data/PlaybackEngines/WindowsStandaloneSupport/UnityEditor.WindowsStandalone.Extensions.dll
Registered in 0.000834 seconds.
Native extension for WindowsStandalone target not found
Refreshing native plugins compatible for Editor in 55.38 ms, found 1 plugins.
Preloading 0 native plugins for Editor in 0.00 ms.
Invoked RoslynAnalysisRunner static constructor.
RoslynAnalysisRunner will not be running.
RoslynAnalysisRunner has terminated.
Mono: successfully reloaded assembly
- Completed reload, in  0.698 seconds
Platform modules already initialized, skipping
Registering precompiled user dll's ...
Registered in 0.000788 seconds.
Begin MonoManager ReloadAssembly
Native extension for WindowsStandalone target not found
Refreshing native plugins compatible for Editor in 53.51 ms, found 1 plugins.
Preloading 0 native plugins for Editor in 0.00 ms.
Invoked RoslynAnalysisRunner static constructor.
RoslynAnalysisRunner will not be running.
RoslynAnalysisRunner has terminated.
Mono: successfully reloaded assembly
- Completed reload, in  0.871 seconds
Platform modules already initialized, skipping
========================================================================
Worker process is ready to serve import requests
Shader 'Universal Render Pipeline/Particles/Lit': fallback shader 'Universal Render Pipeline/Particles/SimpleLit' not found
Launched and connected shader compiler UnityShaderCompiler.exe after 0.04 seconds
Refreshing native plugins compatible for Editor in 0.59 ms, found 1 plugins.
Preloading 0 native plugins for Editor in 0.00 ms.
Unloading 3247 Unused Serialized files (Serialized files now loaded: 0)
System memory in use before: 140.8 MB.
System memory in use after: 140.9 MB.

Unloading 27 unused Assets to reduce memory usage. Loaded Objects now: 3690.
Total: 2.747500 ms (FindLiveObjects: 0.435400 ms CreateObjectMapping: 0.099700 ms MarkObjects: 2.084500 ms  DeleteObjects: 0.126800 ms)

========================================================================
Received Import Request.
  path: Assets/InputSystem.inputsettings.asset
  artifactKey: Guid(8776c7d1145fe4a4b8fcbb413f337d45) Importer(815301076,1909f56bfc062723c751e8b465ee728b)
Start importing Assets/InputSystem.inputsettings.asset using Guid(8776c7d1145fe4a4b8fcbb413f337d45) Importer(815301076,1909f56bfc062723c751e8b465ee728b)  -> (artifact id: '2a6632e9a201659189e03ea66d9c4d05') in 0.032143 seconds
  Import took 0.036889 seconds .

========================================================================
Received Import Request.
  Time since last request: 17.327852 seconds.
  path: Assets/Scripts/Input
  artifactKey: Guid(e074d06fbd1f1f841991e7b96032cbf3) Importer(815301076,1909f56bfc062723c751e8b465ee728b)
Start importing Assets/Scripts/Input using Guid(e074d06fbd1f1f841991e7b96032cbf3) Importer(815301076,1909f56bfc062723c751e8b465ee728b)  -> (artifact id: '2674b4ff335e61c9c67e1c1a69026417') in 0.006742 seconds
  Import took 0.012100 seconds .

========================================================================
Received Import Request.
  Time since last request: 106.249989 seconds.
  path: Assets/Scripts/Input/New Controls.inputactions
  artifactKey: Guid(b108eb4122e9e62488994c4aeb10cd0d) Importer(815301076,1909f56bfc062723c751e8b465ee728b)
Start importing Assets/Scripts/Input/New Controls.inputactions using Guid(b108eb4122e9e62488994c4aeb10cd0d) Importer(815301076,1909f56bfc062723c751e8b465ee728b)  -> (artifact id: '6a0ff5c8664f2c08db5ac07919d110e9') in 0.010880 seconds
  Import took 0.016414 seconds .

========================================================================
Received Import Request.
  Time since last request: 0.008061 seconds.
  path: Assets/Scripts/Input/New Controls.inputactions
  artifactKey: Guid(b108eb4122e9e62488994c4aeb10cd0d) Importer(815301076,1909f56bfc062723c751e8b465ee728b)
Start importing Assets/Scripts/Input/New Controls.inputactions using Guid(b108eb4122e9e62488994c4aeb10cd0d) Importer(815301076,1909f56bfc062723c751e8b465ee728b)  -> (artifact id: '6a0ff5c8664f2c08db5ac07919d110e9') in 0.001880 seconds
  Import took 0.006312 seconds .

========================================================================
Received Import Request.
  Time since last request: 7.579483 seconds.
  path: Assets/Scripts/Input/Player_Input.inputactions
  artifactKey: Guid(b108eb4122e9e62488994c4aeb10cd0d) Importer(815301076,1909f56bfc062723c751e8b465ee728b)
Start importing Assets/Scripts/Input/Player_Input.inputactions using Guid(b108eb4122e9e62488994c4aeb10cd0d) Importer(815301076,1909f56bfc062723c751e8b465ee728b)  -> (artifact id: '6dbe21094cc0ab503756210f7ebf3c68') in 0.005679 seconds
  Import took 0.010927 seconds .

========================================================================
Received Import Request.
  Time since last request: 0.004479 seconds.
  path: Assets/Scripts/Input/Player_Input.inputactions
  artifactKey: Guid(b108eb4122e9e62488994c4aeb10cd0d) Importer(815301076,1909f56bfc062723c751e8b465ee728b)
Start importing Assets/Scripts/Input/Player_Input.inputactions using Guid(b108eb4122e9e62488994c4aeb10cd0d) Importer(815301076,1909f56bfc062723c751e8b465ee728b)  -> (artifact id: '6dbe21094cc0ab503756210f7ebf3c68') in 0.001760 seconds
  Import took 0.006888 seconds .

========================================================================
Received Import Request.
  Time since last request: 14.655292 seconds.
  path: Assets/Rendering/Pipeline/New 2D Renderer Data.asset
  artifactKey: Guid(4440225dad2b73a44bded8c620b6566c) Importer(815301076,1909f56bfc062723c751e8b465ee728b)
Start importing Assets/Rendering/Pipeline/New 2D Renderer Data.asset using Guid(4440225dad2b73a44bded8c620b6566c) Importer(815301076,1909f56bfc062723c751e8b465ee728b)  -> (artifact id: '8d1171e97f0cc30d57d9862e943694d0') in 0.006806 seconds
  Import took 0.011565 seconds .

========================================================================
Received Import Request.
  Time since last request: 0.000156 seconds.
  path: Assets/Rendering/Pipeline/UniversalRenderPipelineAsset.asset
  artifactKey: Guid(9d717f9f33a3f434aa38593b8dc85c3b) Importer(815301076,1909f56bfc062723c751e8b465ee728b)
Start importing Assets/Rendering/Pipeline/UniversalRenderPipelineAsset.asset using Guid(9d717f9f33a3f434aa38593b8dc85c3b) Importer(815301076,1909f56bfc062723c751e8b465ee728b)  -> (artifact id: '36a956df7d1fd7736fdc83873050330d') in 0.009501 seconds
  Import took 0.013355 seconds .

========================================================================
Received Import Request.
  Time since last request: 19.976348 seconds.
  path: Assets/Scripts/Input/PlayerInput.inputactions
  artifactKey: Guid(b108eb4122e9e62488994c4aeb10cd0d) Importer(815301076,1909f56bfc062723c751e8b465ee728b)
Start importing Assets/Scripts/Input/PlayerInput.inputactions using Guid(b108eb4122e9e62488994c4aeb10cd0d) Importer(815301076,1909f56bfc062723c751e8b465ee728b)  -> (artifact id: 'ff26fbd56c452d4d6a3f66e79681deec') in 0.005862 seconds
  Import took 0.011234 seconds .

========================================================================
Received Import Request.
  Time since last request: 0.010291 seconds.
  path: Assets/Scripts/Input/PlayerInput.inputactions
  artifactKey: Guid(b108eb4122e9e62488994c4aeb10cd0d) Importer(815301076,1909f56bfc062723c751e8b465ee728b)
Start importing Assets/Scripts/Input/PlayerInput.inputactions using Guid(b108eb4122e9e62488994c4aeb10cd0d) Importer(815301076,1909f56bfc062723c751e8b465ee728b)  -> (artifact id: 'ff26fbd56c452d4d6a3f66e79681deec') in 0.001956 seconds
  Import took 0.007077 seconds .

========================================================================
Received Import Request.
  Time since last request: 56.813032 seconds.
  path: Assets/Scripts/Input/PlayerInput.inputactions
  artifactKey: Guid(b108eb4122e9e62488994c4aeb10cd0d) Importer(815301076,1909f56bfc062723c751e8b465ee728b)
Start importing Assets/Scripts/Input/PlayerInput.inputactions using Guid(b108eb4122e9e62488994c4aeb10cd0d) Importer(815301076,1909f56bfc062723c751e8b465ee728b)  -> (artifact id: '5cabfacb8bf392983104efadc297e27e') in 0.002018 seconds
  Import took 0.006724 seconds .

========================================================================
Received Import Request.
  Time since last request: 0.011794 seconds.
  path: Assets/Scripts/Input/PlayerInput.inputactions
  artifactKey: Guid(b108eb4122e9e62488994c4aeb10cd0d) Importer(815301076,1909f56bfc062723c751e8b465ee728b)
Start importing Assets/Scripts/Input/PlayerInput.inputactions using Guid(b108eb4122e9e62488994c4aeb10cd0d) Importer(815301076,1909f56bfc062723c751e8b465ee728b)  -> (artifact id: '5cabfacb8bf392983104efadc297e27e') in 0.001864 seconds
  Import took 0.007136 seconds .

========================================================================
Received Import Request.
  Time since last request: 7.306802 seconds.
  path: Assets/Scripts/Input/PlayerInput.inputactions
  artifactKey: Guid(b108eb4122e9e62488994c4aeb10cd0d) Importer(815301076,1909f56bfc062723c751e8b465ee728b)
Start importing Assets/Scripts/Input/PlayerInput.inputactions using Guid(b108eb4122e9e62488994c4aeb10cd0d) Importer(815301076,1909f56bfc062723c751e8b465ee728b)  -> (artifact id: '6ccc64414c227557b4c7e1c32fd4401a') in 0.001927 seconds
  Import took 0.006954 seconds .

========================================================================
Received Import Request.
  Time since last request: 0.013880 seconds.
  path: Assets/Scripts/Input/PlayerInput.inputactions
  artifactKey: Guid(b108eb4122e9e62488994c4aeb10cd0d) Importer(815301076,1909f56bfc062723c751e8b465ee728b)
Start importing Assets/Scripts/Input/PlayerInput.inputactions using Guid(b108eb4122e9e62488994c4aeb10cd0d) Importer(815301076,1909f56bfc062723c751e8b465ee728b)  -> (artifact id: '6ccc64414c227557b4c7e1c32fd4401a') in 0.002252 seconds
  Import took 0.008438 seconds .

========================================================================
Received Prepare
Registering precompiled user dll's ...
Registered in 0.001138 seconds.
Begin MonoManager ReloadAssembly
Native extension for WindowsStandalone target not found
Refreshing native plugins compatible for Editor in 0.58 ms, found 1 plugins.
Preloading 0 native plugins for Editor in 0.00 ms.
Invoked RoslynAnalysisRunner static constructor.
RoslynAnalysisRunner will not be running.
RoslynAnalysisRunner has terminated.
Mono: successfully reloaded assembly
- Completed reload, in  0.756 seconds
Platform modules already initialized, skipping
Shader 'Universal Render Pipeline/Particles/Lit': fallback shader 'Universal Render Pipeline/Particles/SimpleLit' not found
Refreshing native plugins compatible for Editor in 0.58 ms, found 1 plugins.
Preloading 0 native plugins for Editor in 0.00 ms.
Unloading 3141 Unused Serialized files (Serialized files now loaded: 0)
System memory in use before: 136.0 MB.
System memory in use after: 136.1 MB.

Unloading 13 unused Assets to reduce memory usage. Loaded Objects now: 3697.
Total: 2.561200 ms (FindLiveObjects: 0.302400 ms CreateObjectMapping: 0.088100 ms MarkObjects: 2.059200 ms  DeleteObjects: 0.110200 ms)

========================================================================
Received Import Request.
  Time since last request: 243.736434 seconds.
  path: Assets/Scripts/Input/InputSystem.inputsettings.asset
  artifactKey: Guid(8776c7d1145fe4a4b8fcbb413f337d45) Importer(815301076,1909f56bfc062723c751e8b465ee728b)
Start importing Assets/Scripts/Input/InputSystem.inputsettings.asset using Guid(8776c7d1145fe4a4b8fcbb413f337d45) Importer(815301076,1909f56bfc062723c751e8b465ee728b)  -> (artifact id: '8bd1b34c0cd61371f861c7bb8625c813') in 0.014965 seconds
  Import took 0.020102 seconds .

========================================================================
Received Import Request.
  Time since last request: 0.561519 seconds.
  path: Assets/Scripts/Input/PlayerInput.inputactions
  artifactKey: Guid(b108eb4122e9e62488994c4aeb10cd0d) Importer(815301076,1909f56bfc062723c751e8b465ee728b)
Start importing Assets/Scripts/Input/PlayerInput.inputactions using Guid(b108eb4122e9e62488994c4aeb10cd0d) Importer(815301076,1909f56bfc062723c751e8b465ee728b)  -> (artifact id: 'bcd702899522ebbdf26f318aaff3a6b2') in 0.005977 seconds
  Import took 0.011044 seconds .

========================================================================
Received Import Request.
  Time since last request: 0.006464 seconds.
  path: Assets/Scripts/Input/PlayerInput.inputactions
  artifactKey: Guid(b108eb4122e9e62488994c4aeb10cd0d) Importer(815301076,1909f56bfc062723c751e8b465ee728b)
Start importing Assets/Scripts/Input/PlayerInput.inputactions using Guid(b108eb4122e9e62488994c4aeb10cd0d) Importer(815301076,1909f56bfc062723c751e8b465ee728b)  -> (artifact id: 'bcd702899522ebbdf26f318aaff3a6b2') in 0.002364 seconds
  Import took 0.007863 seconds .

========================================================================
Received Prepare
Registering precompiled user dll's ...
Registered in 0.001104 seconds.
Begin MonoManager ReloadAssembly
Native extension for WindowsStandalone target not found
Refreshing native plugins compatible for Editor in 0.57 ms, found 1 plugins.
Preloading 0 native plugins for Editor in 0.00 ms.
Invoked RoslynAnalysisRunner static constructor.
RoslynAnalysisRunner will not be running.
RoslynAnalysisRunner has terminated.
Mono: successfully reloaded assembly
- Completed reload, in  0.780 seconds
Platform modules already initialized, skipping
Shader 'Universal Render Pipeline/Particles/Lit': fallback shader 'Universal Render Pipeline/Particles/SimpleLit' not found
Refreshing native plugins compatible for Editor in 0.56 ms, found 1 plugins.
Preloading 0 native plugins for Editor in 0.00 ms.
Unloading 3139 Unused Serialized files (Serialized files now loaded: 0)
System memory in use before: 136.0 MB.
System memory in use after: 136.1 MB.

Unloading 13 unused Assets to reduce memory usage. Loaded Objects now: 3701.
Total: 2.424900 ms (FindLiveObjects: 0.343200 ms CreateObjectMapping: 0.084300 ms MarkObjects: 1.890600 ms  DeleteObjects: 0.105500 ms)

========================================================================
Received Import Request.
  Time since last request: 13.836058 seconds.
  path: Assets/Scripts/Camera
  artifactKey: Guid(ff6cfdc1c4c9dda458bf4e528bef9cf4) Importer(815301076,1909f56bfc062723c751e8b465ee728b)
Start importing Assets/Scripts/Camera using Guid(ff6cfdc1c4c9dda458bf4e528bef9cf4) Importer(815301076,1909f56bfc062723c751e8b465ee728b)  -> (artifact id: '5fb77e0f66779c0d4ad19d8d2801628e') in 0.008719 seconds
  Import took 0.013439 seconds .

========================================================================
Received Import Request.
  Time since last request: 98.225336 seconds.
  path: Assets/Scripts/Camera/Camera_Control.cs
  artifactKey: Guid(c34b5fcb02234ec46ab864b50ff407f5) Importer(815301076,1909f56bfc062723c751e8b465ee728b)
Start importing Assets/Scripts/Camera/Camera_Control.cs using Guid(c34b5fcb02234ec46ab864b50ff407f5) Importer(815301076,1909f56bfc062723c751e8b465ee728b)  -> (artifact id: '46293f33093dfebfa6c93c1dd7184745') in 0.010202 seconds
  Import took 0.015316 seconds .

========================================================================
Received Prepare
Registering precompiled user dll's ...
Registered in 0.001033 seconds.
Begin MonoManager ReloadAssembly
Native extension for WindowsStandalone target not found
Refreshing native plugins compatible for Editor in 0.58 ms, found 1 plugins.
Preloading 0 native plugins for Editor in 0.00 ms.
Invoked RoslynAnalysisRunner static constructor.
RoslynAnalysisRunner will not be running.
RoslynAnalysisRunner has terminated.
Mono: successfully reloaded assembly
- Completed reload, in  0.765 seconds
Platform modules already initialized, skipping
Shader 'Universal Render Pipeline/Particles/Lit': fallback shader 'Universal Render Pipeline/Particles/SimpleLit' not found
Refreshing native plugins compatible for Editor in 0.60 ms, found 1 plugins.
Preloading 0 native plugins for Editor in 0.00 ms.
Unloading 3140 Unused Serialized files (Serialized files now loaded: 0)
System memory in use before: 136.1 MB.
System memory in use after: 136.2 MB.

Unloading 13 unused Assets to reduce memory usage. Loaded Objects now: 3706.
Total: 2.707000 ms (FindLiveObjects: 0.307000 ms CreateObjectMapping: 0.088700 ms MarkObjects: 2.187300 ms  DeleteObjects: 0.123200 ms)

========================================================================
Received Prepare
Registering precompiled user dll's ...
Registered in 0.001157 seconds.
Begin MonoManager ReloadAssembly
Native extension for WindowsStandalone target not found
Refreshing native plugins compatible for Editor in 0.58 ms, found 1 plugins.
Preloading 0 native plugins for Editor in 0.00 ms.
Invoked RoslynAnalysisRunner static constructor.
RoslynAnalysisRunner will not be running.
RoslynAnalysisRunner has terminated.
Mono: successfully reloaded assembly
- Completed reload, in  0.771 seconds
Platform modules already initialized, skipping
Shader 'Universal Render Pipeline/Particles/Lit': fallback shader 'Universal Render Pipeline/Particles/SimpleLit' not found
Refreshing native plugins compatible for Editor in 0.57 ms, found 1 plugins.
Preloading 0 native plugins for Editor in 0.00 ms.
Unloading 3140 Unused Serialized files (Serialized files now loaded: 0)
System memory in use before: 136.1 MB.
System memory in use after: 136.2 MB.

Unloading 13 unused Assets to reduce memory usage. Loaded Objects now: 3710.
Total: 3.228800 ms (FindLiveObjects: 0.406000 ms CreateObjectMapping: 0.104200 ms MarkObjects: 2.593700 ms  DeleteObjects: 0.122700 ms)

========================================================================
Received Import Request.
  Time since last request: 147.173709 seconds.
  path: Assets/Scripts/Input/PlayerInput.inputactions
  artifactKey: Guid(b108eb4122e9e62488994c4aeb10cd0d) Importer(815301076,1909f56bfc062723c751e8b465ee728b)
Start importing Assets/Scripts/Input/PlayerInput.inputactions using Guid(b108eb4122e9e62488994c4aeb10cd0d) Importer(815301076,1909f56bfc062723c751e8b465ee728b)  -> (artifact id: 'f2f0fafc4906149877368e940ac9ffb9') in 0.019922 seconds
  Import took 0.024673 seconds .

========================================================================
Received Prepare
Registering precompiled user dll's ...
Registered in 0.001226 seconds.
Begin MonoManager ReloadAssembly
Native extension for WindowsStandalone target not found
Refreshing native plugins compatible for Editor in 0.58 ms, found 1 plugins.
Preloading 0 native plugins for Editor in 0.00 ms.
Invoked RoslynAnalysisRunner static constructor.
RoslynAnalysisRunner will not be running.
RoslynAnalysisRunner has terminated.
Mono: successfully reloaded assembly
- Completed reload, in  0.784 seconds
Platform modules already initialized, skipping
Shader 'Universal Render Pipeline/Particles/Lit': fallback shader 'Universal Render Pipeline/Particles/SimpleLit' not found
Refreshing native plugins compatible for Editor in 0.88 ms, found 1 plugins.
Preloading 0 native plugins for Editor in 0.00 ms.
Unloading 3140 Unused Serialized files (Serialized files now loaded: 0)
System memory in use before: 136.1 MB.
System memory in use after: 136.2 MB.

Unloading 13 unused Assets to reduce memory usage. Loaded Objects now: 3714.
Total: 2.882300 ms (FindLiveObjects: 0.392300 ms CreateObjectMapping: 0.097600 ms MarkObjects: 2.261500 ms  DeleteObjects: 0.129500 ms)

========================================================================
Received Prepare
Registering precompiled user dll's ...
Registered in 0.001108 seconds.
Begin MonoManager ReloadAssembly
Native extension for WindowsStandalone target not found
Refreshing native plugins compatible for Editor in 0.58 ms, found 1 plugins.
Preloading 0 native plugins for Editor in 0.00 ms.
Invoked RoslynAnalysisRunner static constructor.
RoslynAnalysisRunner will not be running.
RoslynAnalysisRunner has terminated.
Mono: successfully reloaded assembly
- Completed reload, in  0.769 seconds
Platform modules already initialized, skipping
Shader 'Universal Render Pipeline/Particles/Lit': fallback shader 'Universal Render Pipeline/Particles/SimpleLit' not found
Refreshing native plugins compatible for Editor in 0.56 ms, found 1 plugins.
Preloading 0 native plugins for Editor in 0.00 ms.
Unloading 3140 Unused Serialized files (Serialized files now loaded: 0)
System memory in use before: 136.2 MB.
System memory in use after: 136.3 MB.

Unloading 13 unused Assets to reduce memory usage. Loaded Objects now: 3718.
Total: 2.811900 ms (FindLiveObjects: 0.299300 ms CreateObjectMapping: 0.078200 ms MarkObjects: 2.301300 ms  DeleteObjects: 0.132000 ms)

========================================================================
Received Prepare
Registering precompiled user dll's ...
Registered in 0.001049 seconds.
Begin MonoManager ReloadAssembly
Native extension for WindowsStandalone target not found
Refreshing native plugins compatible for Editor in 0.57 ms, found 1 plugins.
Preloading 0 native plugins for Editor in 0.00 ms.
Invoked RoslynAnalysisRunner static constructor.
RoslynAnalysisRunner will not be running.
RoslynAnalysisRunner has terminated.
Mono: successfully reloaded assembly
- Completed reload, in  0.772 seconds
Platform modules already initialized, skipping
Shader 'Universal Render Pipeline/Particles/Lit': fallback shader 'Universal Render Pipeline/Particles/SimpleLit' not found
Refreshing native plugins compatible for Editor in 0.58 ms, found 1 plugins.
Preloading 0 native plugins for Editor in 0.00 ms.
Unloading 3140 Unused Serialized files (Serialized files now loaded: 0)
System memory in use before: 136.2 MB.
System memory in use after: 136.3 MB.

Unloading 13 unused Assets to reduce memory usage. Loaded Objects now: 3722.
Total: 2.963300 ms (FindLiveObjects: 0.393700 ms CreateObjectMapping: 0.091300 ms MarkObjects: 2.360800 ms  DeleteObjects: 0.116400 ms)

========================================================================
Received Prepare
Registering precompiled user dll's ...
Registered in 0.001095 seconds.
Begin MonoManager ReloadAssembly
Native extension for WindowsStandalone target not found
Refreshing native plugins compatible for Editor in 0.60 ms, found 1 plugins.
Preloading 0 native plugins for Editor in 0.00 ms.
Invoked RoslynAnalysisRunner static constructor.
RoslynAnalysisRunner will not be running.
RoslynAnalysisRunner has terminated.
Mono: successfully reloaded assembly
- Completed reload, in  0.765 seconds
Platform modules already initialized, skipping
Shader 'Universal Render Pipeline/Particles/Lit': fallback shader 'Universal Render Pipeline/Particles/SimpleLit' not found
Refreshing native plugins compatible for Editor in 0.59 ms, found 1 plugins.
Preloading 0 native plugins for Editor in 0.00 ms.
Unloading 3140 Unused Serialized files (Serialized files now loaded: 0)
System memory in use before: 136.2 MB.
System memory in use after: 136.3 MB.

Unloading 13 unused Assets to reduce memory usage. Loaded Objects now: 3726.
Total: 2.824900 ms (FindLiveObjects: 0.372400 ms CreateObjectMapping: 0.104200 ms MarkObjects: 2.226500 ms  DeleteObjects: 0.120700 ms)

========================================================================
Received Prepare
Registering precompiled user dll's ...
Registered in 0.001082 seconds.
Begin MonoManager ReloadAssembly
Native extension for WindowsStandalone target not found
Refreshing native plugins compatible for Editor in 0.63 ms, found 1 plugins.
Preloading 0 native plugins for Editor in 0.00 ms.
Invoked RoslynAnalysisRunner static constructor.
RoslynAnalysisRunner will not be running.
RoslynAnalysisRunner has terminated.
Mono: successfully reloaded assembly
- Completed reload, in  0.748 seconds
Platform modules already initialized, skipping
Shader 'Universal Render Pipeline/Particles/Lit': fallback shader 'Universal Render Pipeline/Particles/SimpleLit' not found
Refreshing native plugins compatible for Editor in 0.72 ms, found 1 plugins.
Preloading 0 native plugins for Editor in 0.00 ms.
Unloading 3140 Unused Serialized files (Serialized files now loaded: 0)
System memory in use before: 136.2 MB.
System memory in use after: 136.3 MB.

Unloading 13 unused Assets to reduce memory usage. Loaded Objects now: 3730.
Total: 3.785200 ms (FindLiveObjects: 0.566800 ms CreateObjectMapping: 0.121000 ms MarkObjects: 2.965500 ms  DeleteObjects: 0.130800 ms)

========================================================================
Received Prepare
Registering precompiled user dll's ...
Registered in 0.001081 seconds.
Begin MonoManager ReloadAssembly
Native extension for WindowsStandalone target not found
Refreshing native plugins compatible for Editor in 0.62 ms, found 1 plugins.
Preloading 0 native plugins for Editor in 0.00 ms.
Invoked RoslynAnalysisRunner static constructor.
RoslynAnalysisRunner will not be running.
RoslynAnalysisRunner has terminated.
Mono: successfully reloaded assembly
- Completed reload, in  0.800 seconds
Platform modules already initialized, skipping
Shader 'Universal Render Pipeline/Particles/Lit': fallback shader 'Universal Render Pipeline/Particles/SimpleLit' not found
Refreshing native plugins compatible for Editor in 0.62 ms, found 1 plugins.
Preloading 0 native plugins for Editor in 0.00 ms.
Unloading 3140 Unused Serialized files (Serialized files now loaded: 0)
System memory in use before: 136.2 MB.
System memory in use after: 136.3 MB.

Unloading 13 unused Assets to reduce memory usage. Loaded Objects now: 3734.
Total: 2.731300 ms (FindLiveObjects: 0.345000 ms CreateObjectMapping: 0.084300 ms MarkObjects: 2.182700 ms  DeleteObjects: 0.118100 ms)

========================================================================
Received Prepare
Registering precompiled user dll's ...
Registered in 0.001002 seconds.
Begin MonoManager ReloadAssembly
Native extension for WindowsStandalone target not found
Refreshing native plugins compatible for Editor in 0.62 ms, found 1 plugins.
Preloading 0 native plugins for Editor in 0.00 ms.
Invoked RoslynAnalysisRunner static constructor.
RoslynAnalysisRunner will not be running.
RoslynAnalysisRunner has terminated.
Mono: successfully reloaded assembly
- Completed reload, in  0.758 seconds
Platform modules already initialized, skipping
Shader 'Universal Render Pipeline/Particles/Lit': fallback shader 'Universal Render Pipeline/Particles/SimpleLit' not found
Refreshing native plugins compatible for Editor in 0.59 ms, found 1 plugins.
Preloading 0 native plugins for Editor in 0.00 ms.
Unloading 3140 Unused Serialized files (Serialized files now loaded: 0)
System memory in use before: 136.2 MB.
System memory in use after: 136.3 MB.

Unloading 13 unused Assets to reduce memory usage. Loaded Objects now: 3738.
Total: 2.767300 ms (FindLiveObjects: 0.483700 ms CreateObjectMapping: 0.101100 ms MarkObjects: 2.063600 ms  DeleteObjects: 0.117700 ms)

AssetImportWorkerClient::OnTransportError - code=2 error=End of file
