Using pre-set license
Built from '2020.3/release' branch; Version is '2020.3.2f1 (8fd9074bf66c) revision 9427207'; Using compiler version '192528614'; Build Type 'Release'
OS: 'Windows 10 Pro; OS build 19042.985; Version 2009; 64bit' Language: 'fr' Physical Memory: 16294 MB
BatchMode: 1, IsHumanControllingUs: 0, StartBugReporterOnCrash: 0, Is64bit: 1, IsPro: 0

 COMMAND LINE ARGUMENTS:
E:\Programs\Tools\UnityInstall\2020.3.2f1\Editor\Unity.exe
-adb2
-batchMode
-noUpm
-name
AssetImportWorker0
-projectPath
E:/Documents/Dev/Git/E428/Projet/E428
-logFile
Logs/AssetImportWorker0.log
-srvPort
50180
Successfully changed project path to: E:/Documents/Dev/Git/E428/Projet/E428
E:/Documents/Dev/Git/E428/Projet/E428
Using Asset Import Pipeline V2.
Refreshing native plugins compatible for Editor in 54.99 ms, found 1 plugins.
Preloading 0 native plugins for Editor in 0.00 ms.
Initialize engine version: 2020.3.2f1 (8fd9074bf66c)
[Subsystems] Discovering subsystems at path E:/Programs/Tools/UnityInstall/2020.3.2f1/Editor/Data/Resources/UnitySubsystems
[Subsystems] Discovering subsystems at path E:/Documents/Dev/Git/E428/Projet/E428/Assets
GfxDevice: creating device client; threaded=0
Direct3D:
    Version:  Direct3D 11.0 [level 11.1]
    Renderer: NVIDIA GeForce GTX 1050 (ID=0x1c81)
    Vendor:   
    VRAM:     1977 MB
    Driver:   27.21.14.6627
Shader 'Universal Render Pipeline/Particles/Lit': fallback shader 'Universal Render Pipeline/Particles/SimpleLit' not found
Initialize mono
Mono path[0] = 'E:/Programs/Tools/UnityInstall/2020.3.2f1/Editor/Data/Managed'
Mono path[1] = 'E:/Programs/Tools/UnityInstall/2020.3.2f1/Editor/Data/MonoBleedingEdge/lib/mono/unityjit'
Mono config path = 'E:/Programs/Tools/UnityInstall/2020.3.2f1/Editor/Data/MonoBleedingEdge/etc'
Using monoOptions --debugger-agent=transport=dt_socket,embedding=1,server=y,suspend=n,address=127.0.0.1:56932
Begin MonoManager ReloadAssembly
Registering precompiled unity dll's ...
Register platform support module: E:/Programs/Tools/UnityInstall/2020.3.2f1/Editor/Data/PlaybackEngines/WindowsStandaloneSupport/UnityEditor.WindowsStandalone.Extensions.dll
Registered in 0.000849 seconds.
Native extension for WindowsStandalone target not found
Refreshing native plugins compatible for Editor in 58.48 ms, found 1 plugins.
Preloading 0 native plugins for Editor in 0.00 ms.
Invoked RoslynAnalysisRunner static constructor.
RoslynAnalysisRunner will not be running.
RoslynAnalysisRunner has terminated.
Mono: successfully reloaded assembly
- Completed reload, in  0.709 seconds
Platform modules already initialized, skipping
Registering precompiled user dll's ...
Registered in 0.000840 seconds.
Begin MonoManager ReloadAssembly
Native extension for WindowsStandalone target not found
Refreshing native plugins compatible for Editor in 57.36 ms, found 1 plugins.
Preloading 0 native plugins for Editor in 0.00 ms.
Invoked RoslynAnalysisRunner static constructor.
RoslynAnalysisRunner will not be running.
RoslynAnalysisRunner has terminated.
Mono: successfully reloaded assembly
- Completed reload, in  0.870 seconds
Platform modules already initialized, skipping
========================================================================
Worker process is ready to serve import requests
Shader 'Universal Render Pipeline/Particles/Lit': fallback shader 'Universal Render Pipeline/Particles/SimpleLit' not found
Launched and connected shader compiler UnityShaderCompiler.exe after 0.03 seconds
Refreshing native plugins compatible for Editor in 0.69 ms, found 1 plugins.
Preloading 0 native plugins for Editor in 0.00 ms.
Unloading 3405 Unused Serialized files (Serialized files now loaded: 0)
System memory in use before: 223.2 MB.
System memory in use after: 223.4 MB.

Unloading 22 unused Assets to reduce memory usage. Loaded Objects now: 3855.
Total: 2.556600 ms (FindLiveObjects: 0.332400 ms CreateObjectMapping: 0.086600 ms MarkObjects: 2.058600 ms  DeleteObjects: 0.077900 ms)

========================================================================
Received Import Request.
  path: Assets/Scenes/SampleScene2.unity
  artifactKey: Guid(4466dc6dc7e660e498c5a16438582df3) Importer(815301076,1909f56bfc062723c751e8b465ee728b)
Start importing Assets/Scenes/SampleScene2.unity using Guid(4466dc6dc7e660e498c5a16438582df3) Importer(815301076,1909f56bfc062723c751e8b465ee728b)  -> (artifact id: '574d1bb63cbb37c03a7fae2a3975b6f3') in 0.029283 seconds
  Import took 0.033936 seconds .

========================================================================
Received Prepare
Registering precompiled user dll's ...
Registered in 0.001210 seconds.
Begin MonoManager ReloadAssembly
Native extension for WindowsStandalone target not found
Refreshing native plugins compatible for Editor in 0.64 ms, found 1 plugins.
Preloading 0 native plugins for Editor in 0.00 ms.
Invoked RoslynAnalysisRunner static constructor.
RoslynAnalysisRunner will not be running.
RoslynAnalysisRunner has terminated.
Mono: successfully reloaded assembly
- Completed reload, in  0.768 seconds
Platform modules already initialized, skipping
Shader 'Universal Render Pipeline/Particles/Lit': fallback shader 'Universal Render Pipeline/Particles/SimpleLit' not found
Refreshing native plugins compatible for Editor in 0.63 ms, found 1 plugins.
Preloading 0 native plugins for Editor in 0.00 ms.
Unloading 3263 Unused Serialized files (Serialized files now loaded: 0)
System memory in use before: 213.2 MB.
System memory in use after: 213.5 MB.

Unloading 8 unused Assets to reduce memory usage. Loaded Objects now: 3859.
Total: 2.740500 ms (FindLiveObjects: 0.329300 ms CreateObjectMapping: 0.084500 ms MarkObjects: 2.305800 ms  DeleteObjects: 0.019500 ms)

========================================================================
Received Import Request.
  Time since last request: 43.909317 seconds.
  path: Assets/Prefab/Enemy/Mobs/Watcher_Robot.prefab
  artifactKey: Guid(7a844d1ee0fdf6046bdfd062a894d2ea) Importer(815301076,1909f56bfc062723c751e8b465ee728b)
Start importing Assets/Prefab/Enemy/Mobs/Watcher_Robot.prefab using Guid(7a844d1ee0fdf6046bdfd062a894d2ea) Importer(815301076,1909f56bfc062723c751e8b465ee728b)  -> (artifact id: '3d99deafa76011254932884d7719a7f4') in 0.279535 seconds
  Import took 0.284941 seconds .

========================================================================
Received Import Request.
  Time since last request: 26.884428 seconds.
  path: Assets/Scripts/Enemies/Mobs/WatcherRobot/Watcher_Bot_Health.cs
  artifactKey: Guid(c6206540221eb34418ae4f01160a99c4) Importer(815301076,1909f56bfc062723c751e8b465ee728b)
Start importing Assets/Scripts/Enemies/Mobs/WatcherRobot/Watcher_Bot_Health.cs using Guid(c6206540221eb34418ae4f01160a99c4) Importer(815301076,1909f56bfc062723c751e8b465ee728b)  -> (artifact id: '46494922eca3ea9bcdf9fd52d767e2ee') in 0.017256 seconds
  Import took 0.021896 seconds .

========================================================================
Received Import Request.
  Time since last request: 1.374739 seconds.
  path: Assets/Scripts/Enemies/Mobs/WatcherRobot/Watcher_Robot_Animation.cs
  artifactKey: Guid(408056a8da84f704cafd8a925b688159) Importer(815301076,1909f56bfc062723c751e8b465ee728b)
Start importing Assets/Scripts/Enemies/Mobs/WatcherRobot/Watcher_Robot_Animation.cs using Guid(408056a8da84f704cafd8a925b688159) Importer(815301076,1909f56bfc062723c751e8b465ee728b)  -> (artifact id: 'eec31b8ff016af2f7e742d350eca8297') in 0.005703 seconds
  Import took 0.010519 seconds .

========================================================================
Received Import Request.
  Time since last request: 1.223410 seconds.
  path: Assets/Scripts/Enemies/Mobs/WatcherRobot/WatcherRobot_States.cs
  artifactKey: Guid(959873af99ad2cb4c8c3b3529e34199c) Importer(815301076,1909f56bfc062723c751e8b465ee728b)
Start importing Assets/Scripts/Enemies/Mobs/WatcherRobot/WatcherRobot_States.cs using Guid(959873af99ad2cb4c8c3b3529e34199c) Importer(815301076,1909f56bfc062723c751e8b465ee728b)  -> (artifact id: '80dfe0ecb8c9e3bfdf886b8dbfad3b34') in 0.019447 seconds
  Import took 0.024383 seconds .

========================================================================
Received Prepare
Registering precompiled user dll's ...
Registered in 0.001083 seconds.
Begin MonoManager ReloadAssembly
Native extension for WindowsStandalone target not found
Refreshing native plugins compatible for Editor in 0.64 ms, found 1 plugins.
Preloading 0 native plugins for Editor in 0.00 ms.
Invoked RoslynAnalysisRunner static constructor.
RoslynAnalysisRunner will not be running.
RoslynAnalysisRunner has terminated.
Mono: successfully reloaded assembly
- Completed reload, in  0.819 seconds
Platform modules already initialized, skipping
Shader 'Universal Render Pipeline/Particles/Lit': fallback shader 'Universal Render Pipeline/Particles/SimpleLit' not found
Refreshing native plugins compatible for Editor in 0.86 ms, found 1 plugins.
Preloading 0 native plugins for Editor in 0.00 ms.
Unloading 3263 Unused Serialized files (Serialized files now loaded: 0)
System memory in use before: 218.5 MB.
System memory in use after: 218.7 MB.

Unloading 8 unused Assets to reduce memory usage. Loaded Objects now: 3908.
Total: 2.467900 ms (FindLiveObjects: 0.347900 ms CreateObjectMapping: 0.083900 ms MarkObjects: 2.020800 ms  DeleteObjects: 0.014300 ms)

========================================================================
Received Prepare
Registering precompiled user dll's ...
Registered in 0.001129 seconds.
Begin MonoManager ReloadAssembly
Native extension for WindowsStandalone target not found
Refreshing native plugins compatible for Editor in 0.65 ms, found 1 plugins.
Preloading 0 native plugins for Editor in 0.00 ms.
Invoked RoslynAnalysisRunner static constructor.
RoslynAnalysisRunner will not be running.
RoslynAnalysisRunner has terminated.
Mono: successfully reloaded assembly
- Completed reload, in  0.782 seconds
Platform modules already initialized, skipping
Shader 'Universal Render Pipeline/Particles/Lit': fallback shader 'Universal Render Pipeline/Particles/SimpleLit' not found
Refreshing native plugins compatible for Editor in 0.63 ms, found 1 plugins.
Preloading 0 native plugins for Editor in 0.00 ms.
Unloading 3263 Unused Serialized files (Serialized files now loaded: 0)
System memory in use before: 218.5 MB.
System memory in use after: 218.7 MB.

Unloading 8 unused Assets to reduce memory usage. Loaded Objects now: 3912.
Total: 3.004500 ms (FindLiveObjects: 0.361100 ms CreateObjectMapping: 0.106700 ms MarkObjects: 2.514600 ms  DeleteObjects: 0.020300 ms)

========================================================================
Received Prepare
Registering precompiled user dll's ...
Registered in 0.001132 seconds.
Begin MonoManager ReloadAssembly
Native extension for WindowsStandalone target not found
Refreshing native plugins compatible for Editor in 0.64 ms, found 1 plugins.
Preloading 0 native plugins for Editor in 0.00 ms.
Invoked RoslynAnalysisRunner static constructor.
RoslynAnalysisRunner will not be running.
RoslynAnalysisRunner has terminated.
Mono: successfully reloaded assembly
- Completed reload, in  0.798 seconds
Platform modules already initialized, skipping
Shader 'Universal Render Pipeline/Particles/Lit': fallback shader 'Universal Render Pipeline/Particles/SimpleLit' not found
Refreshing native plugins compatible for Editor in 0.64 ms, found 1 plugins.
Preloading 0 native plugins for Editor in 0.00 ms.
Unloading 3263 Unused Serialized files (Serialized files now loaded: 0)
System memory in use before: 218.5 MB.
System memory in use after: 218.8 MB.

Unloading 8 unused Assets to reduce memory usage. Loaded Objects now: 3916.
Total: 2.687800 ms (FindLiveObjects: 0.342300 ms CreateObjectMapping: 0.084500 ms MarkObjects: 2.243900 ms  DeleteObjects: 0.016200 ms)

========================================================================
Received Prepare
Registering precompiled user dll's ...
Registered in 0.001157 seconds.
Begin MonoManager ReloadAssembly
Native extension for WindowsStandalone target not found
Refreshing native plugins compatible for Editor in 0.65 ms, found 1 plugins.
Preloading 0 native plugins for Editor in 0.00 ms.
Invoked RoslynAnalysisRunner static constructor.
RoslynAnalysisRunner will not be running.
RoslynAnalysisRunner has terminated.
Mono: successfully reloaded assembly
- Completed reload, in  0.803 seconds
Platform modules already initialized, skipping
Shader 'Universal Render Pipeline/Particles/Lit': fallback shader 'Universal Render Pipeline/Particles/SimpleLit' not found
Refreshing native plugins compatible for Editor in 0.64 ms, found 1 plugins.
Preloading 0 native plugins for Editor in 0.00 ms.
Unloading 3263 Unused Serialized files (Serialized files now loaded: 0)
System memory in use before: 218.5 MB.
System memory in use after: 218.8 MB.

Unloading 8 unused Assets to reduce memory usage. Loaded Objects now: 3920.
Total: 2.886800 ms (FindLiveObjects: 0.417400 ms CreateObjectMapping: 0.088400 ms MarkObjects: 2.360500 ms  DeleteObjects: 0.019100 ms)

========================================================================
Received Prepare
Registering precompiled user dll's ...
Registered in 0.001137 seconds.
Begin MonoManager ReloadAssembly
Native extension for WindowsStandalone target not found
Refreshing native plugins compatible for Editor in 0.70 ms, found 1 plugins.
Preloading 0 native plugins for Editor in 0.00 ms.
Invoked RoslynAnalysisRunner static constructor.
RoslynAnalysisRunner will not be running.
RoslynAnalysisRunner has terminated.
Mono: successfully reloaded assembly
- Completed reload, in  0.825 seconds
Platform modules already initialized, skipping
Shader 'Universal Render Pipeline/Particles/Lit': fallback shader 'Universal Render Pipeline/Particles/SimpleLit' not found
Refreshing native plugins compatible for Editor in 0.62 ms, found 1 plugins.
Preloading 0 native plugins for Editor in 0.00 ms.
Unloading 3263 Unused Serialized files (Serialized files now loaded: 0)
System memory in use before: 218.5 MB.
System memory in use after: 218.8 MB.

Unloading 8 unused Assets to reduce memory usage. Loaded Objects now: 3924.
Total: 3.756000 ms (FindLiveObjects: 0.665100 ms CreateObjectMapping: 0.228800 ms MarkObjects: 2.841200 ms  DeleteObjects: 0.019700 ms)

========================================================================
Received Import Request.
  Time since last request: 298.920061 seconds.
  path: Assets/Animation/Enemies
  artifactKey: Guid(bc3bb8f2fc8c9b740a492ef734493aba) Importer(815301076,1909f56bfc062723c751e8b465ee728b)
Start importing Assets/Animation/Enemies using Guid(bc3bb8f2fc8c9b740a492ef734493aba) Importer(815301076,1909f56bfc062723c751e8b465ee728b)  -> (artifact id: '6faf564c199ad61fc246706429979636') in 0.010785 seconds
  Import took 0.015843 seconds .

========================================================================
Received Import Request.
  Time since last request: 0.751217 seconds.
  path: Assets/Animation/Enemies/Mobs
  artifactKey: Guid(51923fc278c6e2f47961ec72e7c3ab9d) Importer(815301076,1909f56bfc062723c751e8b465ee728b)
Start importing Assets/Animation/Enemies/Mobs using Guid(51923fc278c6e2f47961ec72e7c3ab9d) Importer(815301076,1909f56bfc062723c751e8b465ee728b)  -> (artifact id: '08b63b378e32f65a1ff2f019c4b5d4ac') in 0.005352 seconds
  Import took 0.010369 seconds .

========================================================================
Received Import Request.
  Time since last request: 0.000703 seconds.
  path: Assets/Animation/Enemies/Mobs
  artifactKey: Guid(51923fc278c6e2f47961ec72e7c3ab9d) Importer(815301076,1909f56bfc062723c751e8b465ee728b)
Start importing Assets/Animation/Enemies/Mobs using Guid(51923fc278c6e2f47961ec72e7c3ab9d) Importer(815301076,1909f56bfc062723c751e8b465ee728b)  -> (artifact id: '08b63b378e32f65a1ff2f019c4b5d4ac') in 0.001522 seconds
  Import took 0.005743 seconds .

========================================================================
Received Import Request.
  Time since last request: 1.217781 seconds.
  path: Assets/Animation/Enemies/Mobs/WatcherRobot
  artifactKey: Guid(6babafa62891ce848be630b049fd0a53) Importer(815301076,1909f56bfc062723c751e8b465ee728b)
Start importing Assets/Animation/Enemies/Mobs/WatcherRobot using Guid(6babafa62891ce848be630b049fd0a53) Importer(815301076,1909f56bfc062723c751e8b465ee728b)  -> (artifact id: '3b9b1bc62d718f97c9f6be9bcc102a5d') in 0.005146 seconds
  Import took 0.010639 seconds .

========================================================================
Received Import Request.
  Time since last request: 0.000691 seconds.
  path: Assets/Animation/Enemies/Mobs/WatcherRobot
  artifactKey: Guid(6babafa62891ce848be630b049fd0a53) Importer(815301076,1909f56bfc062723c751e8b465ee728b)
Start importing Assets/Animation/Enemies/Mobs/WatcherRobot using Guid(6babafa62891ce848be630b049fd0a53) Importer(815301076,1909f56bfc062723c751e8b465ee728b)  -> (artifact id: '3b9b1bc62d718f97c9f6be9bcc102a5d') in 0.001480 seconds
  Import took 0.006143 seconds .

========================================================================
Received Import Request.
  Time since last request: 1.931866 seconds.
  path: Assets/Animation/Enemies/Mobs/WatcherRobot/WatcherRobot_Death.anim
  artifactKey: Guid(88ee7f573c506164988ee7ca4219659b) Importer(815301076,1909f56bfc062723c751e8b465ee728b)
Start importing Assets/Animation/Enemies/Mobs/WatcherRobot/WatcherRobot_Death.anim using Guid(88ee7f573c506164988ee7ca4219659b) Importer(815301076,1909f56bfc062723c751e8b465ee728b)  -> (artifact id: '750b41ee243729408cbdc3b3466d8a32') in 0.022443 seconds
  Import took 0.027394 seconds .

========================================================================
Received Prepare
Registering precompiled user dll's ...
Registered in 0.072476 seconds.
Begin MonoManager ReloadAssembly
Native extension for WindowsStandalone target not found
Refreshing native plugins compatible for Editor in 0.67 ms, found 1 plugins.
Preloading 0 native plugins for Editor in 0.00 ms.
Invoked RoslynAnalysisRunner static constructor.
RoslynAnalysisRunner will not be running.
RoslynAnalysisRunner has terminated.
Mono: successfully reloaded assembly
- Completed reload, in  4.990 seconds
Platform modules already initialized, skipping
Shader 'Universal Render Pipeline/Particles/Lit': fallback shader 'Universal Render Pipeline/Particles/SimpleLit' not found
Refreshing native plugins compatible for Editor in 0.81 ms, found 1 plugins.
Preloading 0 native plugins for Editor in 0.00 ms.
Unloading 3263 Unused Serialized files (Serialized files now loaded: 0)
System memory in use before: 218.6 MB.
System memory in use after: 218.8 MB.

Unloading 8 unused Assets to reduce memory usage. Loaded Objects now: 3928.
Total: 2.743500 ms (FindLiveObjects: 0.327200 ms CreateObjectMapping: 0.090400 ms MarkObjects: 2.306900 ms  DeleteObjects: 0.018100 ms)

========================================================================
Received Import Request.
  Time since last request: 22.187545 seconds.
  path: Assets/Animation/Enemies/Mobs/WatcherRobot/WatcherRobot_Death.anim
  artifactKey: Guid(88ee7f573c506164988ee7ca4219659b) Importer(815301076,1909f56bfc062723c751e8b465ee728b)
Start importing Assets/Animation/Enemies/Mobs/WatcherRobot/WatcherRobot_Death.anim using Guid(88ee7f573c506164988ee7ca4219659b) Importer(815301076,1909f56bfc062723c751e8b465ee728b)  -> (artifact id: '8dc4905891065d5a173a04353fa3696c') in 0.018238 seconds
  Import took 0.022973 seconds .

========================================================================
Received Prepare
Registering precompiled user dll's ...
Registered in 0.001301 seconds.
Begin MonoManager ReloadAssembly
Native extension for WindowsStandalone target not found
Refreshing native plugins compatible for Editor in 0.71 ms, found 1 plugins.
Preloading 0 native plugins for Editor in 0.00 ms.
Invoked RoslynAnalysisRunner static constructor.
RoslynAnalysisRunner will not be running.
RoslynAnalysisRunner has terminated.
Mono: successfully reloaded assembly
- Completed reload, in  0.787 seconds
Platform modules already initialized, skipping
Shader 'Universal Render Pipeline/Particles/Lit': fallback shader 'Universal Render Pipeline/Particles/SimpleLit' not found
Refreshing native plugins compatible for Editor in 0.64 ms, found 1 plugins.
Preloading 0 native plugins for Editor in 0.00 ms.
Unloading 3263 Unused Serialized files (Serialized files now loaded: 0)
System memory in use before: 218.6 MB.
System memory in use after: 218.8 MB.

Unloading 8 unused Assets to reduce memory usage. Loaded Objects now: 3932.
Total: 2.683700 ms (FindLiveObjects: 0.329600 ms CreateObjectMapping: 0.088600 ms MarkObjects: 2.244400 ms  DeleteObjects: 0.019300 ms)

========================================================================
Received Prepare
Registering precompiled user dll's ...
Registered in 0.001161 seconds.
Begin MonoManager ReloadAssembly
Native extension for WindowsStandalone target not found
Refreshing native plugins compatible for Editor in 0.65 ms, found 1 plugins.
Preloading 0 native plugins for Editor in 0.00 ms.
Invoked RoslynAnalysisRunner static constructor.
RoslynAnalysisRunner will not be running.
RoslynAnalysisRunner has terminated.
Mono: successfully reloaded assembly
- Completed reload, in  0.772 seconds
Platform modules already initialized, skipping
Shader 'Universal Render Pipeline/Particles/Lit': fallback shader 'Universal Render Pipeline/Particles/SimpleLit' not found
Refreshing native plugins compatible for Editor in 0.71 ms, found 1 plugins.
Preloading 0 native plugins for Editor in 0.00 ms.
Unloading 3263 Unused Serialized files (Serialized files now loaded: 0)
System memory in use before: 218.6 MB.
System memory in use after: 218.8 MB.

Unloading 8 unused Assets to reduce memory usage. Loaded Objects now: 3936.
Total: 2.500100 ms (FindLiveObjects: 0.351200 ms CreateObjectMapping: 0.100200 ms MarkObjects: 2.033700 ms  DeleteObjects: 0.014100 ms)

========================================================================
Received Prepare
Registering precompiled user dll's ...
Registered in 0.001128 seconds.
Begin MonoManager ReloadAssembly
Native extension for WindowsStandalone target not found
Refreshing native plugins compatible for Editor in 0.71 ms, found 1 plugins.
Preloading 0 native plugins for Editor in 0.00 ms.
Invoked RoslynAnalysisRunner static constructor.
RoslynAnalysisRunner will not be running.
RoslynAnalysisRunner has terminated.
Mono: successfully reloaded assembly
- Completed reload, in  0.844 seconds
Platform modules already initialized, skipping
Shader 'Universal Render Pipeline/Particles/Lit': fallback shader 'Universal Render Pipeline/Particles/SimpleLit' not found
Refreshing native plugins compatible for Editor in 0.71 ms, found 1 plugins.
Preloading 0 native plugins for Editor in 0.00 ms.
Unloading 3263 Unused Serialized files (Serialized files now loaded: 0)
System memory in use before: 218.6 MB.
System memory in use after: 218.8 MB.

Unloading 8 unused Assets to reduce memory usage. Loaded Objects now: 3940.
Total: 2.984300 ms (FindLiveObjects: 0.408400 ms CreateObjectMapping: 0.086500 ms MarkObjects: 2.465700 ms  DeleteObjects: 0.022900 ms)

========================================================================
Received Prepare
Registering precompiled user dll's ...
Registered in 0.001119 seconds.
Begin MonoManager ReloadAssembly
Native extension for WindowsStandalone target not found
Refreshing native plugins compatible for Editor in 0.68 ms, found 1 plugins.
Preloading 0 native plugins for Editor in 0.00 ms.
Invoked RoslynAnalysisRunner static constructor.
RoslynAnalysisRunner will not be running.
RoslynAnalysisRunner has terminated.
Mono: successfully reloaded assembly
- Completed reload, in  0.811 seconds
Platform modules already initialized, skipping
Shader 'Universal Render Pipeline/Particles/Lit': fallback shader 'Universal Render Pipeline/Particles/SimpleLit' not found
Refreshing native plugins compatible for Editor in 0.69 ms, found 1 plugins.
Preloading 0 native plugins for Editor in 0.00 ms.
Unloading 3263 Unused Serialized files (Serialized files now loaded: 0)
System memory in use before: 218.6 MB.
System memory in use after: 218.8 MB.

Unloading 8 unused Assets to reduce memory usage. Loaded Objects now: 3944.
Total: 2.933500 ms (FindLiveObjects: 0.451000 ms CreateObjectMapping: 0.097000 ms MarkObjects: 2.365600 ms  DeleteObjects: 0.018600 ms)

========================================================================
Received Prepare
Registering precompiled user dll's ...
Registered in 0.001097 seconds.
Begin MonoManager ReloadAssembly
Native extension for WindowsStandalone target not found
Refreshing native plugins compatible for Editor in 0.63 ms, found 1 plugins.
Preloading 0 native plugins for Editor in 0.00 ms.
Invoked RoslynAnalysisRunner static constructor.
RoslynAnalysisRunner will not be running.
RoslynAnalysisRunner has terminated.
Mono: successfully reloaded assembly
- Completed reload, in  0.779 seconds
Platform modules already initialized, skipping
Shader 'Universal Render Pipeline/Particles/Lit': fallback shader 'Universal Render Pipeline/Particles/SimpleLit' not found
Refreshing native plugins compatible for Editor in 0.65 ms, found 1 plugins.
Preloading 0 native plugins for Editor in 0.00 ms.
Unloading 3263 Unused Serialized files (Serialized files now loaded: 0)
System memory in use before: 218.6 MB.
System memory in use after: 218.9 MB.

Unloading 8 unused Assets to reduce memory usage. Loaded Objects now: 3948.
Total: 2.737200 ms (FindLiveObjects: 0.375500 ms CreateObjectMapping: 0.100900 ms MarkObjects: 2.243100 ms  DeleteObjects: 0.016700 ms)

========================================================================
Received Prepare
Registering precompiled user dll's ...
Registered in 0.001137 seconds.
Begin MonoManager ReloadAssembly
Native extension for WindowsStandalone target not found
Refreshing native plugins compatible for Editor in 0.71 ms, found 1 plugins.
Preloading 0 native plugins for Editor in 0.00 ms.
Invoked RoslynAnalysisRunner static constructor.
RoslynAnalysisRunner will not be running.
RoslynAnalysisRunner has terminated.
Mono: successfully reloaded assembly
- Completed reload, in  0.770 seconds
Platform modules already initialized, skipping
Shader 'Universal Render Pipeline/Particles/Lit': fallback shader 'Universal Render Pipeline/Particles/SimpleLit' not found
Refreshing native plugins compatible for Editor in 0.68 ms, found 1 plugins.
Preloading 0 native plugins for Editor in 0.00 ms.
Unloading 3263 Unused Serialized files (Serialized files now loaded: 0)
System memory in use before: 218.6 MB.
System memory in use after: 218.9 MB.

Unloading 8 unused Assets to reduce memory usage. Loaded Objects now: 3952.
Total: 2.613700 ms (FindLiveObjects: 0.419300 ms CreateObjectMapping: 0.088200 ms MarkObjects: 2.087400 ms  DeleteObjects: 0.016900 ms)

========================================================================
Received Prepare
Registering precompiled user dll's ...
Registered in 0.001121 seconds.
Begin MonoManager ReloadAssembly
Native extension for WindowsStandalone target not found
Refreshing native plugins compatible for Editor in 0.68 ms, found 1 plugins.
Preloading 0 native plugins for Editor in 0.00 ms.
Invoked RoslynAnalysisRunner static constructor.
RoslynAnalysisRunner will not be running.
RoslynAnalysisRunner has terminated.
Mono: successfully reloaded assembly
- Completed reload, in  0.852 seconds
Platform modules already initialized, skipping
Shader 'Universal Render Pipeline/Particles/Lit': fallback shader 'Universal Render Pipeline/Particles/SimpleLit' not found
Refreshing native plugins compatible for Editor in 0.74 ms, found 1 plugins.
Preloading 0 native plugins for Editor in 0.00 ms.
Unloading 3263 Unused Serialized files (Serialized files now loaded: 0)
System memory in use before: 218.6 MB.
System memory in use after: 218.9 MB.

Unloading 8 unused Assets to reduce memory usage. Loaded Objects now: 3956.
Total: 2.840400 ms (FindLiveObjects: 0.371300 ms CreateObjectMapping: 0.086600 ms MarkObjects: 2.364700 ms  DeleteObjects: 0.016800 ms)

========================================================================
Received Prepare
Registering precompiled user dll's ...
Registered in 0.001352 seconds.
Begin MonoManager ReloadAssembly
Native extension for WindowsStandalone target not found
Refreshing native plugins compatible for Editor in 0.68 ms, found 1 plugins.
Preloading 0 native plugins for Editor in 0.00 ms.
Invoked RoslynAnalysisRunner static constructor.
RoslynAnalysisRunner will not be running.
RoslynAnalysisRunner has terminated.
Mono: successfully reloaded assembly
- Completed reload, in  0.782 seconds
Platform modules already initialized, skipping
Shader 'Universal Render Pipeline/Particles/Lit': fallback shader 'Universal Render Pipeline/Particles/SimpleLit' not found
Refreshing native plugins compatible for Editor in 0.64 ms, found 1 plugins.
Preloading 0 native plugins for Editor in 0.00 ms.
Unloading 3263 Unused Serialized files (Serialized files now loaded: 0)
System memory in use before: 218.6 MB.
System memory in use after: 218.9 MB.

Unloading 8 unused Assets to reduce memory usage. Loaded Objects now: 3960.
Total: 2.455000 ms (FindLiveObjects: 0.384500 ms CreateObjectMapping: 0.101400 ms MarkObjects: 1.954800 ms  DeleteObjects: 0.013400 ms)

========================================================================
Received Prepare
Registering precompiled user dll's ...
Registered in 0.001121 seconds.
Begin MonoManager ReloadAssembly
Native extension for WindowsStandalone target not found
Refreshing native plugins compatible for Editor in 0.63 ms, found 1 plugins.
Preloading 0 native plugins for Editor in 0.00 ms.
Invoked RoslynAnalysisRunner static constructor.
RoslynAnalysisRunner will not be running.
RoslynAnalysisRunner has terminated.
Mono: successfully reloaded assembly
- Completed reload, in  0.792 seconds
Platform modules already initialized, skipping
Shader 'Universal Render Pipeline/Particles/Lit': fallback shader 'Universal Render Pipeline/Particles/SimpleLit' not found
Refreshing native plugins compatible for Editor in 0.65 ms, found 1 plugins.
Preloading 0 native plugins for Editor in 0.00 ms.
Unloading 3263 Unused Serialized files (Serialized files now loaded: 0)
System memory in use before: 218.6 MB.
System memory in use after: 218.9 MB.

Unloading 8 unused Assets to reduce memory usage. Loaded Objects now: 3964.
Total: 2.781000 ms (FindLiveObjects: 0.352300 ms CreateObjectMapping: 0.085700 ms MarkObjects: 2.317900 ms  DeleteObjects: 0.023800 ms)

AssetImportWorkerClient::OnTransportError - code=2 error=End of file
