Using pre-set license
Built from '2020.3/release' branch; Version is '2020.3.2f1 (8fd9074bf66c) revision 9427207'; Using compiler version '192528614'; Build Type 'Release'
OS: 'Windows 10 Pro; OS build 19042.985; Version 2009; 64bit' Language: 'fr' Physical Memory: 16294 MB
BatchMode: 1, IsHumanControllingUs: 0, StartBugReporterOnCrash: 0, Is64bit: 1, IsPro: 0

 COMMAND LINE ARGUMENTS:
E:\Programs\Tools\UnityInstall\2020.3.2f1\Editor\Unity.exe
-adb2
-batchMode
-noUpm
-name
AssetImportWorker1
-projectPath
E:/Documents/Dev/Git/E428/Projet/E428
-logFile
Logs/AssetImportWorker1.log
-srvPort
49781
Successfully changed project path to: E:/Documents/Dev/Git/E428/Projet/E428
E:/Documents/Dev/Git/E428/Projet/E428
Using Asset Import Pipeline V2.
Refreshing native plugins compatible for Editor in 61.45 ms, found 1 plugins.
Preloading 0 native plugins for Editor in 0.00 ms.
Initialize engine version: 2020.3.2f1 (8fd9074bf66c)
[Subsystems] Discovering subsystems at path E:/Programs/Tools/UnityInstall/2020.3.2f1/Editor/Data/Resources/UnitySubsystems
[Subsystems] Discovering subsystems at path E:/Documents/Dev/Git/E428/Projet/E428/Assets
GfxDevice: creating device client; threaded=0
Direct3D:
    Version:  Direct3D 11.0 [level 11.1]
    Renderer: NVIDIA GeForce GTX 1050 (ID=0x1c81)
    Vendor:   
    VRAM:     1977 MB
    Driver:   27.21.14.6627
Shader 'Universal Render Pipeline/Particles/Lit': fallback shader 'Universal Render Pipeline/Particles/SimpleLit' not found
Initialize mono
Mono path[0] = 'E:/Programs/Tools/UnityInstall/2020.3.2f1/Editor/Data/Managed'
Mono path[1] = 'E:/Programs/Tools/UnityInstall/2020.3.2f1/Editor/Data/MonoBleedingEdge/lib/mono/unityjit'
Mono config path = 'E:/Programs/Tools/UnityInstall/2020.3.2f1/Editor/Data/MonoBleedingEdge/etc'
Using monoOptions --debugger-agent=transport=dt_socket,embedding=1,server=y,suspend=n,address=127.0.0.1:56268
Begin MonoManager ReloadAssembly
Registering precompiled unity dll's ...
Register platform support module: E:/Programs/Tools/UnityInstall/2020.3.2f1/Editor/Data/PlaybackEngines/WindowsStandaloneSupport/UnityEditor.WindowsStandalone.Extensions.dll
Registered in 0.000837 seconds.
Native extension for WindowsStandalone target not found
Refreshing native plugins compatible for Editor in 63.19 ms, found 1 plugins.
Preloading 0 native plugins for Editor in 0.00 ms.
Invoked RoslynAnalysisRunner static constructor.
RoslynAnalysisRunner will not be running.
RoslynAnalysisRunner has terminated.
Mono: successfully reloaded assembly
- Completed reload, in  3.170 seconds
Platform modules already initialized, skipping
Registering precompiled user dll's ...
Registered in 0.001282 seconds.
Begin MonoManager ReloadAssembly
Native extension for WindowsStandalone target not found
Refreshing native plugins compatible for Editor in 62.71 ms, found 1 plugins.
Preloading 0 native plugins for Editor in 0.00 ms.
Invoked RoslynAnalysisRunner static constructor.
RoslynAnalysisRunner will not be running.
RoslynAnalysisRunner has terminated.
Mono: successfully reloaded assembly
- Completed reload, in  0.893 seconds
Platform modules already initialized, skipping
========================================================================
Worker process is ready to serve import requests
Shader 'Universal Render Pipeline/Particles/Lit': fallback shader 'Universal Render Pipeline/Particles/SimpleLit' not found
Launched and connected shader compiler UnityShaderCompiler.exe after 0.04 seconds
Refreshing native plugins compatible for Editor in 0.70 ms, found 1 plugins.
Preloading 0 native plugins for Editor in 0.00 ms.
Unloading 3222 Unused Serialized files (Serialized files now loaded: 0)
System memory in use before: 211.5 MB.
System memory in use after: 211.7 MB.

Unloading 22 unused Assets to reduce memory usage. Loaded Objects now: 3673.
Total: 2.684300 ms (FindLiveObjects: 0.389600 ms CreateObjectMapping: 0.084600 ms MarkObjects: 2.129000 ms  DeleteObjects: 0.080000 ms)

========================================================================
Received Import Request.
  path: Assets/Sprites/Enemies/Bosses/DoomShroom/Idle
  artifactKey: Guid(7889dd3155ab8744db129284f00ff84e) Importer(815301076,1909f56bfc062723c751e8b465ee728b)
Start importing Assets/Sprites/Enemies/Bosses/DoomShroom/Idle using Guid(7889dd3155ab8744db129284f00ff84e) Importer(815301076,1909f56bfc062723c751e8b465ee728b)  -> (artifact id: '9bb3c9da9570bc2568b230d99db6928c') in 0.019325 seconds
  Import took 0.024076 seconds .

========================================================================
Received Import Request.
  Time since last request: 0.000196 seconds.
  path: Assets/Sprites/Enemies/Bosses/DoomShroom/Death
  artifactKey: Guid(9c9bd9e7c35fe4e4ca7c1ba2eeecc2f3) Importer(815301076,1909f56bfc062723c751e8b465ee728b)
Start importing Assets/Sprites/Enemies/Bosses/DoomShroom/Death using Guid(9c9bd9e7c35fe4e4ca7c1ba2eeecc2f3) Importer(815301076,1909f56bfc062723c751e8b465ee728b)  -> (artifact id: '06be607283635c8256dee7da2197ebbc') in 0.005295 seconds
  Import took 0.009461 seconds .

========================================================================
Received Import Request.
  Time since last request: 0.000193 seconds.
  path: Assets/Sprites/Enemies/Bosses/DoomShroom/Jump
  artifactKey: Guid(152a393ff5f30b146b32741654dada84) Importer(815301076,1909f56bfc062723c751e8b465ee728b)
Start importing Assets/Sprites/Enemies/Bosses/DoomShroom/Jump using Guid(152a393ff5f30b146b32741654dada84) Importer(815301076,1909f56bfc062723c751e8b465ee728b)  -> (artifact id: 'ef5bce6072e8a6ce56bb7fe0dc95183a') in 0.005956 seconds
  Import took 0.010266 seconds .

========================================================================
Received Prepare
Shader 'Universal Render Pipeline/Particles/Lit': fallback shader 'Universal Render Pipeline/Particles/SimpleLit' not found
Refreshing native plugins compatible for Editor in 1.62 ms, found 1 plugins.
Preloading 0 native plugins for Editor in 0.00 ms.
Unloading 6 Unused Serialized files (Serialized files now loaded: 0)
System memory in use before: 142.7 MB.
System memory in use after: 142.9 MB.

Unloading 6 unused Assets to reduce memory usage. Loaded Objects now: 3673.
Total: 2.376900 ms (FindLiveObjects: 0.413500 ms CreateObjectMapping: 0.086600 ms MarkObjects: 1.858500 ms  DeleteObjects: 0.016800 ms)

AssetImportWorkerClient::OnTransportError - code=2 error=End of file
