Using pre-set license
Built from '2020.3/release' branch; Version is '2020.3.2f1 (8fd9074bf66c) revision 9427207'; Using compiler version '192528614'; Build Type 'Release'
OS: 'Windows 10 Pro; OS build 19042.985; Version 2009; 64bit' Language: 'fr' Physical Memory: 16299 MB
BatchMode: 1, IsHumanControllingUs: 0, StartBugReporterOnCrash: 0, Is64bit: 1, IsPro: 0

 COMMAND LINE ARGUMENTS:
D:\PROGRAMMES\Unity\2020.3.2f1\Editor\Unity.exe
-adb2
-batchMode
-noUpm
-name
AssetImportWorker3
-projectPath
D:/DOCUMENTS UTILISATEUR/Desktop/E428
-logFile
Logs/AssetImportWorker3.log
-srvPort
58241
Successfully changed project path to: D:/DOCUMENTS UTILISATEUR/Desktop/E428
D:/DOCUMENTS UTILISATEUR/Desktop/E428
Using Asset Import Pipeline V2.
Refreshing native plugins compatible for Editor in 74.56 ms, found 1 plugins.
Preloading 0 native plugins for Editor in 0.00 ms.
Initialize engine version: 2020.3.2f1 (8fd9074bf66c)
[Subsystems] Discovering subsystems at path D:/PROGRAMMES/Unity/2020.3.2f1/Editor/Data/Resources/UnitySubsystems
[Subsystems] Discovering subsystems at path D:/DOCUMENTS UTILISATEUR/Desktop/E428/Assets
GfxDevice: creating device client; threaded=0
Direct3D:
    Version:  Direct3D 11.0 [level 11.1]
    Renderer: NVIDIA GeForce GTX 1660 Ti (ID=0x2182)
    Vendor:   
    VRAM:     5991 MB
    Driver:   27.21.14.6647
Shader 'Universal Render Pipeline/Particles/Lit': fallback shader 'Universal Render Pipeline/Particles/SimpleLit' not found
Initialize mono
Mono path[0] = 'D:/PROGRAMMES/Unity/2020.3.2f1/Editor/Data/Managed'
Mono path[1] = 'D:/PROGRAMMES/Unity/2020.3.2f1/Editor/Data/MonoBleedingEdge/lib/mono/unityjit'
Mono config path = 'D:/PROGRAMMES/Unity/2020.3.2f1/Editor/Data/MonoBleedingEdge/etc'
Using monoOptions --debugger-agent=transport=dt_socket,embedding=1,server=y,suspend=n,address=127.0.0.1:56824
Begin MonoManager ReloadAssembly
Registering precompiled unity dll's ...
Register platform support module: D:/PROGRAMMES/Unity/2020.3.2f1/Editor/Data/PlaybackEngines/WebGLSupport/UnityEditor.WebGL.Extensions.dll
Register platform support module: D:/PROGRAMMES/Unity/2020.3.2f1/Editor/Data/PlaybackEngines/MacStandaloneSupport/UnityEditor.OSXStandalone.Extensions.dll
Register platform support module: D:/PROGRAMMES/Unity/2020.3.2f1/Editor/Data/PlaybackEngines/WindowsStandaloneSupport/UnityEditor.WindowsStandalone.Extensions.dll
Register platform support module: D:/PROGRAMMES/Unity/2020.3.2f1/Editor/Data/PlaybackEngines/LinuxStandaloneSupport/UnityEditor.LinuxStandalone.Extensions.dll
Register platform support module: D:/PROGRAMMES/Unity/2020.3.2f1/Editor/Data/PlaybackEngines/LuminSupport/UnityEditor.Lumin.Extensions.dll
Registered in 0.002353 seconds.
Native extension for Lumin target not found
Native extension for LinuxStandalone target not found
Native extension for WindowsStandalone target not found
Native extension for OSXStandalone target not found
Native extension for WebGL target not found
Refreshing native plugins compatible for Editor in 65.06 ms, found 1 plugins.
Preloading 0 native plugins for Editor in 0.00 ms.
Invoked RoslynAnalysisRunner static constructor.
RoslynAnalysisRunner will not be running.
RoslynAnalysisRunner has terminated.
Mono: successfully reloaded assembly
- Completed reload, in  2.527 seconds
Platform modules already initialized, skipping
Registering precompiled user dll's ...
Registered in 0.001871 seconds.
Begin MonoManager ReloadAssembly
Native extension for Lumin target not found
Native extension for LinuxStandalone target not found
Native extension for WindowsStandalone target not found
Native extension for OSXStandalone target not found
Native extension for WebGL target not found
Refreshing native plugins compatible for Editor in 67.22 ms, found 1 plugins.
Preloading 0 native plugins for Editor in 0.00 ms.
Invoked RoslynAnalysisRunner static constructor.
RoslynAnalysisRunner will not be running.
RoslynAnalysisRunner has terminated.
Mono: successfully reloaded assembly
- Completed reload, in  2.229 seconds
Platform modules already initialized, skipping
========================================================================
Worker process is ready to serve import requests
Shader 'Universal Render Pipeline/Particles/Lit': fallback shader 'Universal Render Pipeline/Particles/SimpleLit' not found
Launched and connected shader compiler UnityShaderCompiler.exe after 0.31 seconds
Refreshing native plugins compatible for Editor in 0.64 ms, found 1 plugins.
Preloading 0 native plugins for Editor in 0.00 ms.
Unloading 3217 Unused Serialized files (Serialized files now loaded: 0)
System memory in use before: 211.4 MB.
System memory in use after: 211.6 MB.

Unloading 22 unused Assets to reduce memory usage. Loaded Objects now: 3668.
Total: 2.607800 ms (FindLiveObjects: 0.300400 ms CreateObjectMapping: 0.208800 ms MarkObjects: 2.025400 ms  DeleteObjects: 0.072000 ms)

========================================================================
Received Import Request.
  path: Assets/Sprites/Tilemap/Midground_Palette.prefab
  artifactKey: Guid(a92c10f8cc785f94f90aea83a528a6a5) Importer(815301076,1909f56bfc062723c751e8b465ee728b)
Start importing Assets/Sprites/Tilemap/Midground_Palette.prefab using Guid(a92c10f8cc785f94f90aea83a528a6a5) Importer(815301076,1909f56bfc062723c751e8b465ee728b)  -> (artifact id: '3e22a5c480efdf714933290be5e267df') in 0.234527 seconds
  Import took 0.329665 seconds .

========================================================================
Received Import Request.
  Time since last request: 0.000308 seconds.
  path: Assets/Sprites/Level/Midground/tilemapFactory.psd
  artifactKey: Guid(1b8483499f6b027449bdb9e0bc0a97e6) Importer(815301076,1909f56bfc062723c751e8b465ee728b)
Start importing Assets/Sprites/Level/Midground/tilemapFactory.psd using Guid(1b8483499f6b027449bdb9e0bc0a97e6) Importer(815301076,1909f56bfc062723c751e8b465ee728b)  -> (artifact id: '55e5354a5e659aead8f4f42864263061') in 1.261031 seconds
  Import took 1.439731 seconds .

========================================================================
Received Import Request.
  Time since last request: 0.000298 seconds.
  path: Assets/Sprites/Tilemap/Colision_Palette.prefab
  artifactKey: Guid(15d43d1c65336304aab392d6abfa73db) Importer(815301076,1909f56bfc062723c751e8b465ee728b)
Start importing Assets/Sprites/Tilemap/Colision_Palette.prefab using Guid(15d43d1c65336304aab392d6abfa73db) Importer(815301076,1909f56bfc062723c751e8b465ee728b)  -> (artifact id: '7fb5f78e19a0f48805282d83299e0daf') in 0.239991 seconds
  Import took 0.327867 seconds .

========================================================================
Received Import Request.
  Time since last request: 299.847037 seconds.
  path: Assets/Sprites/Level/Midground/tilemapFactory.psd
  artifactKey: Guid(1b8483499f6b027449bdb9e0bc0a97e6) Importer(815301076,1909f56bfc062723c751e8b465ee728b)
Start importing Assets/Sprites/Level/Midground/tilemapFactory.psd using Guid(1b8483499f6b027449bdb9e0bc0a97e6) Importer(815301076,1909f56bfc062723c751e8b465ee728b)  -> (artifact id: '4d9a38d8bc1b4d18c21178393df3c746') in 0.526582 seconds
  Import took 0.543901 seconds .

========================================================================
Received Import Request.
  Time since last request: 126.840004 seconds.
  path: Assets/Sprites/Level/Midground/tilemapFactory.psd
  artifactKey: Guid(1b8483499f6b027449bdb9e0bc0a97e6) Importer(815301076,1909f56bfc062723c751e8b465ee728b)
Start importing Assets/Sprites/Level/Midground/tilemapFactory.psd using Guid(1b8483499f6b027449bdb9e0bc0a97e6) Importer(815301076,1909f56bfc062723c751e8b465ee728b)  -> (artifact id: 'b3f9b3f8722402de30c0db179f341152') in 0.275592 seconds
  Import took 0.306849 seconds .

========================================================================
Received Import Request.
  Time since last request: 34.847529 seconds.
  path: Assets/Sprites/Level/Midground/tilemapFactory.psd
  artifactKey: Guid(1b8483499f6b027449bdb9e0bc0a97e6) Importer(815301076,1909f56bfc062723c751e8b465ee728b)
Start importing Assets/Sprites/Level/Midground/tilemapFactory.psd using Guid(1b8483499f6b027449bdb9e0bc0a97e6) Importer(815301076,1909f56bfc062723c751e8b465ee728b)  -> (artifact id: '496c7c5c67ffeb5e9fce9b6a4bb5f969') in 0.300407 seconds
  Import took 0.306603 seconds .

========================================================================
Received Import Request.
  Time since last request: 186.799435 seconds.
  path: Assets/Sprites/Level/Midground/tilemapFactory.psd
  artifactKey: Guid(1b8483499f6b027449bdb9e0bc0a97e6) Importer(815301076,1909f56bfc062723c751e8b465ee728b)
Start importing Assets/Sprites/Level/Midground/tilemapFactory.psd using Guid(1b8483499f6b027449bdb9e0bc0a97e6) Importer(815301076,1909f56bfc062723c751e8b465ee728b)  -> (artifact id: '1f47b844da31f4d22e176779401cbdb8') in 0.248623 seconds
  Import took 0.277068 seconds .

========================================================================
Received Import Request.
  Time since last request: 44.001781 seconds.
  path: Assets/Sprites/Level/Midground/tilemapFactory.psd
  artifactKey: Guid(1b8483499f6b027449bdb9e0bc0a97e6) Importer(815301076,1909f56bfc062723c751e8b465ee728b)
Start importing Assets/Sprites/Level/Midground/tilemapFactory.psd using Guid(1b8483499f6b027449bdb9e0bc0a97e6) Importer(815301076,1909f56bfc062723c751e8b465ee728b)  -> (artifact id: '65d49f0f43fcbd41cdf0ed993b62ca57') in 0.231152 seconds
  Import took 0.273739 seconds .

========================================================================
Received Import Request.
  Time since last request: 40.529895 seconds.
  path: Assets/Sprites/Level/Midground/tilemapFactory.psd
  artifactKey: Guid(1b8483499f6b027449bdb9e0bc0a97e6) Importer(815301076,1909f56bfc062723c751e8b465ee728b)
Start importing Assets/Sprites/Level/Midground/tilemapFactory.psd using Guid(1b8483499f6b027449bdb9e0bc0a97e6) Importer(815301076,1909f56bfc062723c751e8b465ee728b)  -> (artifact id: 'b71513ccfd057e3be6a85e5d926de698') in 0.277464 seconds
  Import took 0.283593 seconds .

========================================================================
Received Import Request.
  Time since last request: 34.540235 seconds.
  path: Assets/Sprites/Level/Midground/tilemapFactory.psd
  artifactKey: Guid(1b8483499f6b027449bdb9e0bc0a97e6) Importer(815301076,1909f56bfc062723c751e8b465ee728b)
Start importing Assets/Sprites/Level/Midground/tilemapFactory.psd using Guid(1b8483499f6b027449bdb9e0bc0a97e6) Importer(815301076,1909f56bfc062723c751e8b465ee728b)  -> (artifact id: '513fc72d23ccdcca443b18f6d42e1004') in 0.210172 seconds
  Import took 0.226990 seconds .

========================================================================
Received Import Request.
  Time since last request: 92.942891 seconds.
  path: Assets/Sprites/Level/Midground/tilemapFactory.psd
  artifactKey: Guid(1b8483499f6b027449bdb9e0bc0a97e6) Importer(815301076,1909f56bfc062723c751e8b465ee728b)
Start importing Assets/Sprites/Level/Midground/tilemapFactory.psd using Guid(1b8483499f6b027449bdb9e0bc0a97e6) Importer(815301076,1909f56bfc062723c751e8b465ee728b)  -> (artifact id: '1df5a0b2035e601fabdda2a6ff5560b4') in 0.243209 seconds
  Import took 0.262088 seconds .

AssetImportWorkerClient::OnTransportError - code=2 error=End of file
